<?xml version="1.0" encoding="UTF-8"?>
<!-- Generated by org.testng.reporters.JUnitReportReporter -->
<testsuite skipped="0" hostname="Jigar-Acer" name="googleimagesearch.ImageSearch" tests="1" failures="0" timestamp="17 Jun 2019 14:49:20 GMT" time="1.525" errors="0">
  <testcase name="verifyTitle" time="1.525" classname="googleimagesearch.ImageSearch"/>
</testsuite> <!-- googleimagesearch.ImageSearch -->
